<?xml version="1.0" encoding="UTF-8"?>
<!-- Generated by org.testng.reporters.JUnitXMLReporter -->
<testsuite hostname="chengx-pc" name="novatest" tests="11" failures="0" timestamp="8 Mar 2018 03:36:27 GMT" time="835.46" errors="0">
  <testcase name="addBlstTest" time="92.512" classname="com.hymake.nova.test.CreateDangerSourceTest"/>
  <testcase name="addDigTest" time="96.121" classname="com.hymake.nova.test.CreateDangerSourceTest"/>
  <testcase name="addHoistTest" time="100.231" classname="com.hymake.nova.test.CreateDangerSourceTest"/>
  <testcase name="addHoleTest" time="65.164" classname="com.hymake.nova.test.CreateDangerSourceTest"/>
  <testcase name="addScfTest" time="89.737" classname="com.hymake.nova.test.CreateDangerSourceTest"/>
  <testcase name="addTmpTest" time="89.868" classname="com.hymake.nova.test.CreateDangerSourceTest"/>
  <testcase name="buttonAssert" time="7.055" classname="com.hymake.nova.test.CreateDangerSourceTest"/>
  <testcase name="clearTest" time="26.694" classname="com.hymake.nova.test.CreateDangerSourceTest"/>
  <testcase name="deleteTest" time="18.362" classname="com.hymake.nova.test.CreateDangerSourceTest"/>
  <testcase name="lookTest" time="31.229" classname="com.hymake.nova.test.CreateDangerSourceTest"/>
  <testcase name="recallTest" time="32.864" classname="com.hymake.nova.test.CreateDangerSourceTest"/>
</testsuite> <!-- novatest -->
